This is pdfTeX, Version 3.1415926-2.3-1.40.12 (MiKTeX 2.9) (preloaded format=pdflatex 2016.9.18)  7 SEP 2017 10:39
entering extended mode
**D:/cplus/sketch/face*fusion/face*fusion.tex
("D:/cplus/sketch/face fusion/face fusion.tex"
LaTeX2e <2011/06/27>
Babel <v3.8m> and hyphenation patterns for loaded.
("D:\cplus\sketch\face fusion\llncs.cls"
Document Class: llncs 2013/09/27 v2.18 
 LaTeX document class for Lecture Notes in Computer Science
(d:\software\CTEX\MiKTeX\tex\latex\base\article.cls
Document Class: article 2007/10/19 v1.4h Standard LaTeX document class
(d:\software\CTEX\MiKTeX\tex\latex\base\size10.clo
File: size10.clo 2007/10/19 v1.4h Standard LaTeX file (size option)
)
\c@part=\count79
\c@section=\count80
\c@subsection=\count81
\c@subsubsection=\count82
\c@paragraph=\count83
\c@subparagraph=\count84
\c@figure=\count85
\c@table=\count86
\abovecaptionskip=\skip41
\belowcaptionskip=\skip42
\bibindent=\dimen102
)
(d:\software\CTEX\MiKTeX\tex\latex\tools\multicol.sty
Package: multicol 2011/06/27 v1.7a multicolumn formatting (FMi)
\c@tracingmulticols=\count87
\mult@box=\box26
\multicol@leftmargin=\dimen103
\c@unbalance=\count88
\c@collectmore=\count89
\doublecol@number=\count90
\multicoltolerance=\count91
\multicolpretolerance=\count92
\full@width=\dimen104
\page@free=\dimen105
\premulticols=\dimen106
\postmulticols=\dimen107
\multicolsep=\skip43
\multicolbaselineskip=\skip44
\partial@page=\box27
\last@line=\box28
\mult@rightbox=\box29
\mult@grightbox=\box30
\mult@gfirstbox=\box31
\mult@firstbox=\box32
\@tempa=\box33
\@tempa=\box34
\@tempa=\box35
\@tempa=\box36
\@tempa=\box37
\@tempa=\box38
\@tempa=\box39
\@tempa=\box40
\@tempa=\box41
\@tempa=\box42
\@tempa=\box43
\@tempa=\box44
\@tempa=\box45
\@tempa=\box46
\@tempa=\box47
\@tempa=\box48
\@tempa=\box49
\c@columnbadness=\count93
\c@finalcolumnbadness=\count94
\last@try=\dimen108
\multicolovershoot=\dimen109
\multicolundershoot=\dimen110
\mult@nat@firstbox=\box50
\colbreak@box=\box51
\multicol@sort@counter=\count95
)
("D:\cplus\sketch\face fusion\aliascnt.sty"
Package: aliascnt 2009/09/08 v1.3 Alias counter (HO)

("D:\cplus\sketch\face fusion\remreset.sty"))
\c@chapter=\count96
LaTeX Font Info:    Redeclaring math symbol \Gamma on input line 362.
LaTeX Font Info:    Redeclaring math symbol \Delta on input line 363.
LaTeX Font Info:    Redeclaring math symbol \Theta on input line 364.
LaTeX Font Info:    Redeclaring math symbol \Lambda on input line 365.
LaTeX Font Info:    Redeclaring math symbol \Xi on input line 366.
LaTeX Font Info:    Redeclaring math symbol \Pi on input line 367.
LaTeX Font Info:    Redeclaring math symbol \Sigma on input line 368.
LaTeX Font Info:    Redeclaring math symbol \Upsilon on input line 369.
LaTeX Font Info:    Redeclaring math symbol \Phi on input line 370.
LaTeX Font Info:    Redeclaring math symbol \Psi on input line 371.
LaTeX Font Info:    Redeclaring math symbol \Omega on input line 372.
\tocchpnum=\dimen111
\tocsecnum=\dimen112
\tocsectotal=\dimen113
\tocsubsecnum=\dimen114
\tocsubsectotal=\dimen115
\tocsubsubsecnum=\dimen116
\tocsubsubsectotal=\dimen117
\tocparanum=\dimen118
\tocparatotal=\dimen119
\tocsubparanum=\dimen120
\@tempcntc=\count97
\fnindent=\dimen121
\c@@inst=\count98
\c@@auth=\count99
\c@auco=\count100
\instindent=\dimen122
\authrun=\box52
\authorrunning=\toks14
\tocauthor=\toks15
\titrun=\box53
\titlerunning=\toks16
\toctitle=\toks17
\c@theorem=\count101
\c@case=\count102
\c@conjecture=\count103
\c@corollary=\count104
\c@definition=\count105
\c@example=\count106
\c@exercise=\count107
\c@lemma=\count108
\c@note=\count109
\c@problem=\count110
\c@property=\count111
\c@proposition=\count112
\c@question=\count113
\c@solution=\count114
\c@remark=\count115
\headlineindent=\dimen123
)
(d:\software\CTEX\MiKTeX\tex\latex\graphics\graphicx.sty
Package: graphicx 1999/02/16 v1.0f Enhanced LaTeX Graphics (DPC,SPQR)

(d:\software\CTEX\MiKTeX\tex\latex\graphics\keyval.sty
Package: keyval 1999/03/16 v1.13 key=value parser (DPC)
\KV@toks@=\toks18
)
(d:\software\CTEX\MiKTeX\tex\latex\graphics\graphics.sty
Package: graphics 2009/02/05 v1.0o Standard LaTeX Graphics (DPC,SPQR)

(d:\software\CTEX\MiKTeX\tex\latex\graphics\trig.sty
Package: trig 1999/03/16 v1.09 sin cos tan (DPC)
)
(d:\software\CTEX\MiKTeX\tex\latex\00miktex\graphics.cfg
File: graphics.cfg 2007/01/18 v1.5 graphics configuration of teTeX/TeXLive
)
Package graphics Info: Driver file: pdftex.def on input line 91.

(d:\software\CTEX\MiKTeX\tex\latex\pdftex-def\pdftex.def
File: pdftex.def 2011/05/27 v0.06d Graphics/color for pdfTeX

(d:\software\CTEX\MiKTeX\tex\generic\oberdiek\infwarerr.sty
Package: infwarerr 2010/04/08 v1.3 Providing info/warning/message (HO)
)
(d:\software\CTEX\MiKTeX\tex\generic\oberdiek\ltxcmds.sty
Package: ltxcmds 2011/04/18 v1.20 LaTeX kernel commands for general use (HO)
)
\Gread@gobject=\count116
))
\Gin@req@height=\dimen124
\Gin@req@width=\dimen125
)
(d:\software\CTEX\MiKTeX\tex\latex\amsfonts\amssymb.sty
Package: amssymb 2009/06/22 v3.00

(d:\software\CTEX\MiKTeX\tex\latex\amsfonts\amsfonts.sty
Package: amsfonts 2009/06/22 v3.00 Basic AMSFonts support
\@emptytoks=\toks19
\symAMSa=\mathgroup4
\symAMSb=\mathgroup5
LaTeX Font Info:    Overwriting math alphabet `\mathfrak' in version `bold'
(Font)                  U/euf/m/n --> U/euf/b/n on input line 96.
))
(d:\software\CTEX\MiKTeX\tex\latex\ams\math\amsmath.sty
Package: amsmath 2000/07/18 v2.13 AMS math features
\@mathmargin=\skip45

For additional information on amsmath, use the `?' option.
(d:\software\CTEX\MiKTeX\tex\latex\ams\math\amstext.sty
Package: amstext 2000/06/29 v2.01

(d:\software\CTEX\MiKTeX\tex\latex\ams\math\amsgen.sty
File: amsgen.sty 1999/11/30 v2.0
\@emptytoks=\toks20
\ex@=\dimen126
))
(d:\software\CTEX\MiKTeX\tex\latex\ams\math\amsbsy.sty
Package: amsbsy 1999/11/29 v1.2d
\pmbraise@=\dimen127
)
(d:\software\CTEX\MiKTeX\tex\latex\ams\math\amsopn.sty
Package: amsopn 1999/12/14 v2.01 operator names
)
\inf@bad=\count117
LaTeX Info: Redefining \frac on input line 211.
\uproot@=\count118
\leftroot@=\count119
LaTeX Info: Redefining \overline on input line 307.
\classnum@=\count120
\DOTSCASE@=\count121
LaTeX Info: Redefining \ldots on input line 379.
LaTeX Info: Redefining \dots on input line 382.
LaTeX Info: Redefining \cdots on input line 467.
\Mathstrutbox@=\box54
\strutbox@=\box55
\big@size=\dimen128
LaTeX Font Info:    Redeclaring font encoding OML on input line 567.
LaTeX Font Info:    Redeclaring font encoding OMS on input line 568.


Package amsmath Warning: Unable to redefine math accent \vec.

\macc@depth=\count122
\c@MaxMatrixCols=\count123
\dotsspace@=\muskip10
\c@parentequation=\count124
\dspbrk@lvl=\count125
\tag@help=\toks21
\row@=\count126
\column@=\count127
\maxfields@=\count128
\andhelp@=\toks22
\eqnshift@=\dimen129
\alignsep@=\dimen130
\tagshift@=\dimen131
\tagwidth@=\dimen132
\totwidth@=\dimen133
\lineht@=\dimen134
\@envbody=\toks23
\multlinegap=\skip46
\multlinetaggap=\skip47
\mathdisplay@stack=\toks24
LaTeX Info: Redefining \[ on input line 2666.
LaTeX Info: Redefining \] on input line 2667.
) (d:\software\CTEX\MiKTeX\tex\latex\clrscode\clrscode.sty
Package: clrscode 2007/03/29 v1.7 format pseudocode

(d:\software\CTEX\MiKTeX\tex\latex\base\latexsym.sty
Package: latexsym 1998/08/17 v2.2e Standard LaTeX package (lasy symbols)
\symlasy=\mathgroup6
LaTeX Font Info:    Overwriting symbol font `lasy' in version `bold'
(Font)                  U/lasy/m/n --> U/lasy/b/n on input line 47.
)
\c@codelinenumber=\count129
\c@indent=\count130
\digitwidth=\skip48
\savecode=\box56
\codeboxwidth=\skip49
\c@thisindent=\count131
)
(d:\software\CTEX\MiKTeX\tex\latex\ltxmisc\url.sty
\Urlmuskip=\muskip11
Package: url 2006/04/12  ver 3.3  Verb mode for urls, etc.
)
("D:\cplus\sketch\face fusion\face fusion.aux")
LaTeX Font Info:    Checking defaults for OML/cmm/m/it on input line 17.
LaTeX Font Info:    ... okay on input line 17.
LaTeX Font Info:    Checking defaults for T1/cmr/m/n on input line 17.
LaTeX Font Info:    ... okay on input line 17.
LaTeX Font Info:    Checking defaults for OT1/cmr/m/n on input line 17.
LaTeX Font Info:    ... okay on input line 17.
LaTeX Font Info:    Checking defaults for OMS/cmsy/m/n on input line 17.
LaTeX Font Info:    ... okay on input line 17.
LaTeX Font Info:    Checking defaults for OMX/cmex/m/n on input line 17.
LaTeX Font Info:    ... okay on input line 17.
LaTeX Font Info:    Checking defaults for U/cmr/m/n on input line 17.
LaTeX Font Info:    ... okay on input line 17.

(d:\software\CTEX\MiKTeX\tex\context\base\supp-pdf.mkii
[Loading MPS to PDF converter (version 2006.09.02).]
\scratchcounter=\count132
\scratchdimen=\dimen135
\scratchbox=\box57
\nofMPsegments=\count133
\nofMParguments=\count134
\everyMPshowfont=\toks25
\MPscratchCnt=\count135
\MPscratchDim=\dimen136
\MPnumerator=\count136
\makeMPintoPDFobject=\count137
\everyMPtoPDFconversion=\toks26
)
LaTeX Font Info:    Try loading font information for U+msa on input line 26.
 (d:\software\CTEX\MiKTeX\tex\latex\amsfonts\umsa.fd
File: umsa.fd 2009/06/22 v3.00 AMS symbols A
)
LaTeX Font Info:    Try loading font information for U+msb on input line 26.

(d:\software\CTEX\MiKTeX\tex\latex\amsfonts\umsb.fd
File: umsb.fd 2009/06/22 v3.00 AMS symbols B
)
LaTeX Font Info:    Try loading font information for U+lasy on input line 26.

(d:\software\CTEX\MiKTeX\tex\latex\base\ulasy.fd
File: ulasy.fd 1998/08/17 v2.2e LaTeX symbol font definitions
)
Overfull \hbox (6.27077pt too wide) in paragraph at lines 31--32
\OT1/cmr/bx/n/9 Keywords:\OT1/cmr/m/n/9 Face fu-sion, Fa-cial land-mark-s, De-l
au-nay tri-an-gu-la-tion, Seam-
 []

("D:\cplus\sketch\face fusion\Introduction.tex" [1


{d:/software/CTEX/UserData/pdftex/config/pdftex.map{Unicode.sfd}{UGBK.sfd}}])
("D:\cplus\sketch\face fusion\RelatedWork.tex" [2])
("D:\cplus\sketch\face fusion\Algorithm.tex" [3]
<images/pipeline.png, id=17, 767.86874pt x 332.74312pt>
File: images/pipeline.png Graphic file (type png)

<use images/pipeline.png>
Package pdftex.def Info: images/pipeline.png used on input line 8.
(pdftex.def)             Requested size: 346.89621pt x 150.32198pt.
 [4 <D:/cplus/sketch/face fusion/images/pipeline.png>] <images/extract.png, id=
24, 984.67876pt x 216.05719pt>
File: images/extract.png Graphic file (type png)

<use images/extract.png>
Package pdftex.def Info: images/extract.png used on input line 31.
(pdftex.def)             Requested size: 346.89621pt x 76.11565pt.
 [5]
<images/labelmasks.png, id=29, 507.39563pt x 217.5628pt>
File: images/labelmasks.png Graphic file (type png)

<use images/labelmasks.png>
Package pdftex.def Info: images/labelmasks.png used on input line 72.
(pdftex.def)             Requested size: 216.81pt x 92.96259pt.
 [6 <D:/cplus/sketch/face fusion/images/extract.png>]) ("D:\cplus\sketch\face f
usion\Experiments.tex"
<images/3cmp.png, id=37, 1373.13pt x 912.40875pt>
File: images/3cmp.png Graphic file (type png)
 <use images/3cmp.png>
Package pdftex.def Info: images/3cmp.png used on input line 5.
(pdftex.def)             Requested size: 346.89621pt x 230.49625pt.

[7 <D:/cplus/sketch/face fusion/images/labelmasks.png> <D:/cplus/sketch/face fu
sion/images/3cmp.png>] <images/pro.png, id=42, 1296.34312pt x 260.47313pt>
File: images/pro.png Graphic file (type png)

<use images/pro.png>
Package pdftex.def Info: images/pro.png used on input line 17.
(pdftex.def)             Requested size: 346.89621pt x 69.70071pt.
 <images/detail.png, id=43, 1186.4325pt x 246.1697pt>
File: images/detail.png Graphic file (type png)

<use images/detail.png>
Package pdftex.def Info: images/detail.png used on input line 24.
(pdftex.def)             Requested size: 346.89621pt x 71.9771pt.
 [8 <D:/cplus/sketch/face fusion/images/pro.png> <D:/cplus/sketch/face fusion/i
mages/detail.png>]
<images/thd1.png, id=47, 1207.51125pt x 244.66406pt>
File: images/thd1.png Graphic file (type png)
 <use images/thd1.png>
Package pdftex.def Info: images/thd1.png used on input line 31.
(pdftex.def)             Requested size: 346.89621pt x 70.28622pt.

<images/thd2.png, id=48, 1105.88156pt x 233.37187pt>
File: images/thd2.png Graphic file (type png)
 <use images/thd2.png>
Package pdftex.def Info: images/thd2.png used on input line 38.
(pdftex.def)             Requested size: 346.89621pt x 73.20271pt.

<images/vs.png, id=49, 869.49844pt x 556.32843pt>
File: images/vs.png Graphic file (type png)
 <use images/vs.png>
Package pdftex.def Info: images/vs.png used on input line 45.
(pdftex.def)             Requested size: 346.89621pt x 221.95866pt.

Underfull \vbox (badness 3302) has occurred while \output is active []

 [9 <D:/cplus/sketch/face fusion/images/thd1.png> <D:/cplus/sketch/face fusion/
images/thd2.png>] <images/trans.png, id=54, 2941.23843pt x 505.89pt>
File: images/trans.png Graphic file (type png)

<use images/trans.png>
Package pdftex.def Info: images/trans.png used on input line 52.
(pdftex.def)             Requested size: 346.89621pt x 59.66208pt.
) ("D:\cplus\sketch\face fusion\Conclusions.tex")
("D:\cplus\sketch\face fusion\Refs.tex" [10 <D:/cplus/sketch/face fusion/images
/vs.png> <D:/cplus/sketch/face fusion/images/trans.png>]
Missing character: There is no ¡ in font cmr9!
Missing character: There is no ¯ in font cmr9!
Missing character: There is no ¨ in font cmr9!
Missing character: There is no ¦ in font cmr9!
) [11]
("D:\cplus\sketch\face fusion\face fusion.aux") ) 
Here is how much of TeX's memory you used:
 2664 strings out of 495354
 32650 string characters out of 3183355
 93201 words of memory out of 3000000
 5776 multiletter control sequences out of 15000+200000
 10964 words of font info for 46 fonts, out of 3000000 for 9000
 14 hyphenation exceptions out of 8191
 29i,8n,24p,2087b,343s stack positions out of 5000i,500n,10000p,200000b,50000s
<d:/software/CTEX/MiKTeX/fonts
/type1/public/amsfonts/cm/cmbx10.pfb><d:/software/CTEX/MiKTeX/fonts/type1/publi
c/amsfonts/cm/cmbx12.pfb><d:/software/CTEX/MiKTeX/fonts/type1/public/amsfonts/c
m/cmbx9.pfb><d:/software/CTEX/MiKTeX/fonts/type1/public/amsfonts/cm/cmex10.pfb>
<d:/software/CTEX/MiKTeX/fonts/type1/public/amsfonts/cm/cmmi10.pfb><d:/software
/CTEX/MiKTeX/fonts/type1/public/amsfonts/cm/cmmi5.pfb><d:/software/CTEX/MiKTeX/
fonts/type1/public/amsfonts/cm/cmmi6.pfb><d:/software/CTEX/MiKTeX/fonts/type1/p
ublic/amsfonts/cm/cmmi7.pfb><d:/software/CTEX/MiKTeX/fonts/type1/public/amsfont
s/cm/cmmi9.pfb><d:/software/CTEX/MiKTeX/fonts/type1/public/amsfonts/cm/cmr10.pf
b><d:/software/CTEX/MiKTeX/fonts/type1/public/amsfonts/cm/cmr6.pfb><d:/software
/CTEX/MiKTeX/fonts/type1/public/amsfonts/cm/cmr7.pfb><d:/software/CTEX/MiKTeX/f
onts/type1/public/amsfonts/cm/cmr9.pfb><d:/software/CTEX/MiKTeX/fonts/type1/pub
lic/amsfonts/cm/cmsy10.pfb><d:/software/CTEX/MiKTeX/fonts/type1/public/amsfonts
/cm/cmtt9.pfb>
Output written on "face fusion.pdf" (11 pages, 15283820 bytes).
PDF statistics:
 108 PDF objects out of 1000 (max. 8388607)
 0 named destinations out of 1000 (max. 500000)
 51 words of extra memory for PDF output out of 10000 (max. 10000000)

